[2025-09-15 19:32:50] Arquivo de dados não encontrado. Iniciando com dados vazios.
[2025-09-15 19:32:50] Dados salvos com sucesso em data/biblioteca.json
[2025-09-15 19:35:47] Dados carregados com sucesso: 0 jogos, 0 membros, 0 empréstimos
[2025-09-15 19:35:47] Jogo cadastrado: Catan
[2025-09-15 19:36:35] Dados carregados com sucesso: 0 jogos, 0 membros, 0 empréstimos
[2025-09-15 19:36:35] Jogo cadastrado: Monopoly
[2025-09-15 19:50:40] Dados carregados com sucesso: 0 jogos, 0 membros, 0 empréstimos
[2025-09-15 19:56:55] Dados carregados com sucesso: 0 jogos, 0 membros, 0 empréstimos
[2025-09-15 19:58:15] Jogo cadastrado: Runeasy
[2025-09-15 20:00:04] Membro cadastrado: Murilo Thunder (06010561)
[2025-09-15 20:02:50] Membro cadastrado: Lucas Coco (06011471)
[2025-09-15 20:04:27] Jogo cadastrado: Clash of Clans
[2025-09-15 20:05:39] Empréstimo realizado: Clash of Clans para Murilo Thunder
[2025-09-15 20:06:50] Dados salvos com sucesso em data/biblioteca.json
[2025-09-15 20:07:30] Relatório gerado em relatorio.txt
[2025-09-15 20:08:54] Devolução processada: Clash of Clans de Murilo Thunder - Multa: R$ 0,00
[2025-09-15 20:09:22] Dados salvos com sucesso em data/biblioteca.json
[2025-09-15 20:09:39] Empréstimo realizado: Runeasy para Lucas Coco
[2025-09-15 20:09:43] Dados salvos com sucesso em data/biblioteca.json
[2025-09-15 20:09:50] Dados carregados com sucesso: 2 jogos, 2 membros, 2 empréstimos
[2025-09-15 20:11:33] Dados carregados com sucesso: 2 jogos, 2 membros, 2 empréstimos
[2025-09-15 20:13:08] Dados carregados com sucesso: 2 jogos, 2 membros, 2 empréstimos
[2025-09-15 20:13:18] Relatório gerado em relatorio.txt
[2025-09-15 20:15:28] Dados carregados com sucesso: 2 jogos, 2 membros, 2 empréstimos
[2025-09-15 20:15:54] Dados salvos com sucesso em data/biblioteca.json
[2025-09-15 20:16:23] Dados carregados com sucesso: 2 jogos, 2 membros, 2 empréstimos
[2025-09-15 20:20:49] Dados carregados com sucesso: 2 jogos, 2 membros, 2 empréstimos
[2025-09-15 20:21:56] Devolução processada: Runeasy de Lucas Coco - Multa: R$ 0,00
[2025-09-15 20:22:11] Dados salvos com sucesso em data/biblioteca.json
[2025-09-15 20:23:22] Dados salvos com sucesso em data/biblioteca.json
[2025-09-15 20:23:40] Dados carregados com sucesso: 2 jogos, 2 membros, 2 empréstimos
